<?xml version="1.0" encoding="UTF-8"?>
<testng-results ignored="0" total="1" passed="1" failed="0" skipped="0">
  <reporter-output>
  </reporter-output>
  <suite started-at="2023-11-28T15:52:38 IST" name="Suite" finished-at="2023-11-28T15:53:11 IST" duration-ms="32734">
    <groups>
    </groups>
    <test started-at="2023-11-28T15:52:38 IST" name="Test" finished-at="2023-11-28T15:53:11 IST" duration-ms="32734">
      <class name="com.runner.MMT">
        <test-method is-config="true" signature="extendStartup()[pri:0, instance:com.runner.MMT@273e7444]" started-at="2023-11-28T15:52:37 IST" name="extendStartup" finished-at="2023-11-28T15:52:38 IST" duration-ms="1084" status="PASS">
          <reporter-output>
          </reporter-output>
        </test-method> <!-- extendStartup -->
        <test-method signature="MakeMyTrip()[pri:0, instance:com.runner.MMT@273e7444]" started-at="2023-11-28T15:52:39 IST" name="MakeMyTrip" finished-at="2023-11-28T15:53:10 IST" duration-ms="31942" status="PASS">
          <reporter-output>
          </reporter-output>
        </test-method> <!-- MakeMyTrip -->
        <test-method is-config="true" signature="tearDown()[pri:0, instance:com.runner.MMT@273e7444]" started-at="2023-11-28T15:53:11 IST" name="tearDown" finished-at="2023-11-28T15:53:11 IST" duration-ms="345" status="PASS">
          <reporter-output>
          </reporter-output>
        </test-method> <!-- tearDown -->
        <test-method is-config="true" signature="extendReoprtEnd()[pri:0, instance:com.runner.MMT@273e7444]" started-at="2023-11-28T15:53:11 IST" name="extendReoprtEnd" finished-at="2023-11-28T15:53:12 IST" duration-ms="1197" status="PASS">
          <reporter-output>
          </reporter-output>
        </test-method> <!-- extendReoprtEnd -->
      </class> <!-- com.runner.MMT -->
    </test> <!-- Test -->
  </suite> <!-- Suite -->
</testng-results>
